<?xml version="1.0" encoding="UTF-8"?>
<testsuite name="org.example.springboot.web.HelloControllerTest" tests="2" skipped="0" failures="0" errors="0" timestamp="2022-08-24T16:05:46" hostname="DESKTOP-8ISAA8N" time="0.433">
  <properties/>
  <testcase name="hello가_리턴된다" classname="org.example.springboot.web.HelloControllerTest" time="0.19"/>
  <testcase name="helloDto가_리턴된다" classname="org.example.springboot.web.HelloControllerTest" time="0.242"/>
  <system-out><![CDATA[2022-08-25 01:05:43.578  INFO 5648 --- [    Test worker] .b.t.a.w.s.WebMvcTestContextBootstrapper : Neither @ContextConfiguration nor @ContextHierarchy found for test class [org.example.springboot.web.HelloControllerTest], using SpringBootContextLoader
2022-08-25 01:05:43.582  INFO 5648 --- [    Test worker] o.s.t.c.support.AbstractContextLoader    : Could not detect default resource locations for test class [org.example.springboot.web.HelloControllerTest]: no resource found for suffixes {-context.xml, Context.groovy}.
2022-08-25 01:05:43.582  INFO 5648 --- [    Test worker] t.c.s.AnnotationConfigContextLoaderUtils : Could not detect default configuration classes for test class [org.example.springboot.web.HelloControllerTest]: HelloControllerTest does not declare any static, non-private, non-final, nested classes annotated with @Configuration.
2022-08-25 01:05:43.652  INFO 5648 --- [    Test worker] .b.t.c.SpringBootTestContextBootstrapper : Found @SpringBootConfiguration org.example.springboot.Application for test class org.example.springboot.web.HelloControllerTest
2022-08-25 01:05:43.654  INFO 5648 --- [    Test worker] .b.t.a.w.s.WebMvcTestContextBootstrapper : Loaded default TestExecutionListener class names from location [META-INF/spring.factories]: [org.springframework.security.test.context.support.WithSecurityContextTestExecutionListener, org.springframework.security.test.context.support.ReactorContextTestExecutionListener, org.springframework.boot.test.autoconfigure.restdocs.RestDocsTestExecutionListener, org.springframework.boot.test.autoconfigure.web.client.MockRestServiceServerResetTestExecutionListener, org.springframework.boot.test.autoconfigure.web.servlet.MockMvcPrintOnlyOnFailureTestExecutionListener, org.springframework.boot.test.autoconfigure.web.servlet.WebDriverTestExecutionListener, org.springframework.boot.test.mock.mockito.MockitoTestExecutionListener, org.springframework.boot.test.mock.mockito.ResetMocksTestExecutionListener, org.springframework.test.context.web.ServletTestExecutionListener, org.springframework.test.context.support.DirtiesContextBeforeModesTestExecutionListener, org.springframework.test.context.support.DependencyInjectionTestExecutionListener, org.springframework.test.context.support.DirtiesContextTestExecutionListener, org.springframework.test.context.transaction.TransactionalTestExecutionListener, org.springframework.test.context.jdbc.SqlScriptsTestExecutionListener]
2022-08-25 01:05:43.658  INFO 5648 --- [    Test worker] .b.t.a.w.s.WebMvcTestContextBootstrapper : Using TestExecutionListeners: [org.springframework.test.context.web.ServletTestExecutionListener@73eb7908, org.springframework.test.context.support.DirtiesContextBeforeModesTestExecutionListener@4f529b68, org.springframework.boot.test.mock.mockito.MockitoTestExecutionListener@51b5f701, org.springframework.boot.test.autoconfigure.SpringBootDependencyInjectionTestExecutionListener@4553b665, org.springframework.test.context.support.DirtiesContextTestExecutionListener@6d58a4fe, org.springframework.test.context.transaction.TransactionalTestExecutionListener@360afbe6, org.springframework.test.context.jdbc.SqlScriptsTestExecutionListener@48791fd9, org.springframework.security.test.context.support.WithSecurityContextTestExecutionListener@1041782d, org.springframework.security.test.context.support.ReactorContextTestExecutionListener@3896518f, org.springframework.boot.test.autoconfigure.restdocs.RestDocsTestExecutionListener@59a258b0, org.springframework.boot.test.autoconfigure.web.client.MockRestServiceServerResetTestExecutionListener@5925038a, org.springframework.boot.test.autoconfigure.web.servlet.MockMvcPrintOnlyOnFailureTestExecutionListener@42be9893, org.springframework.boot.test.autoconfigure.web.servlet.WebDriverTestExecutionListener@48aea362, org.springframework.boot.test.mock.mockito.ResetMocksTestExecutionListener@382151f]

  .   ____          _            __ _ _
 /\\ / ___'_ __ _ _(_)_ __  __ _ \ \ \ \
( ( )\___ | '_ | '_| | '_ \/ _` | \ \ \ \
 \\/  ___)| |_)| | | | | || (_| |  ) ) ) )
  '  |____| .__|_| |_|_| |_\__, | / / / /
 =========|_|==============|___/=/_/_/_/
 :: Spring Boot ::        (v2.1.7.RELEASE)

2022-08-25 01:05:43.827  INFO 5648 --- [    Test worker] o.e.springboot.web.HelloControllerTest   : Starting HelloControllerTest on DESKTOP-8ISAA8N with PID 5648 (started by kimjm in C:\Users\kimjm\Desktop\S\spring\springboot-webservice)
2022-08-25 01:05:43.827  INFO 5648 --- [    Test worker] o.e.springboot.web.HelloControllerTest   : The following profiles are active: oauth
2022-08-25 01:05:45.231  INFO 5648 --- [    Test worker] o.s.s.concurrent.ThreadPoolTaskExecutor  : Initializing ExecutorService 'applicationTaskExecutor'
2022-08-25 01:05:45.307  INFO 5648 --- [    Test worker] o.s.b.a.w.s.WelcomePageHandlerMapping    : Adding welcome page template: index
2022-08-25 01:05:45.928  INFO 5648 --- [    Test worker] .s.s.UserDetailsServiceAutoConfiguration : 

Using generated security password: 7d74cd19-c9d3-4137-af40-37e71dafd74f

2022-08-25 01:05:46.378  INFO 5648 --- [    Test worker] o.s.s.web.DefaultSecurityFilterChain     : Creating filter chain: any request, [org.springframework.security.web.context.request.async.WebAsyncManagerIntegrationFilter@4bf9083a, org.springframework.security.web.context.SecurityContextPersistenceFilter@41e30786, org.springframework.security.web.header.HeaderWriterFilter@1754718c, org.springframework.security.web.csrf.CsrfFilter@c2c4c33, org.springframework.security.web.authentication.logout.LogoutFilter@bf3364e, org.springframework.security.web.authentication.UsernamePasswordAuthenticationFilter@18af8551, org.springframework.security.web.authentication.ui.DefaultLoginPageGeneratingFilter@f5c9ee, org.springframework.security.web.authentication.ui.DefaultLogoutPageGeneratingFilter@621c06a2, org.springframework.security.web.authentication.www.BasicAuthenticationFilter@607433e2, org.springframework.security.web.savedrequest.RequestCacheAwareFilter@727cd79d, org.springframework.security.web.servletapi.SecurityContextHolderAwareRequestFilter@4610104f, org.springframework.security.web.authentication.AnonymousAuthenticationFilter@23b6c220, org.springframework.security.web.session.SessionManagementFilter@7977ea81, org.springframework.security.web.access.ExceptionTranslationFilter@44ceec53, org.springframework.security.web.access.intercept.FilterSecurityInterceptor@4775da4]
2022-08-25 01:05:46.481  INFO 5648 --- [    Test worker] o.s.b.t.m.w.SpringBootMockServletContext : Initializing Spring TestDispatcherServlet ''
2022-08-25 01:05:46.482  INFO 5648 --- [    Test worker] o.s.t.web.servlet.TestDispatcherServlet  : Initializing Servlet ''
2022-08-25 01:05:46.522  INFO 5648 --- [    Test worker] o.s.t.web.servlet.TestDispatcherServlet  : Completed initialization in 40 ms
2022-08-25 01:05:46.601  INFO 5648 --- [    Test worker] o.e.springboot.web.HelloControllerTest   : Started HelloControllerTest in 2.934 seconds (JVM running for 22.158)
]]></system-out>
  <system-err><![CDATA[]]></system-err>
</testsuite>
